<?xml version="1.0" encoding="utf-8"?><testsuites><testsuite name="pytest" errors="0" failures="0" skipped="9" tests="84" time="38.005" timestamp="2023-03-07T10:42:21.079242" hostname="x22plenty"><testcase classname="tests.test_core" name="test__core__current_user_options" time="0.353" /><testcase classname="tests.test_core" name="test__core__users_get" time="2.052" /><testcase classname="tests.test_core" name="test__core__users__username_options" time="0.187" /><testcase classname="tests.test_core" name="test__core__current_user_head" time="1.923" /><testcase classname="tests.test_crops_skus" name="test__crops_skus__crop__post" time="2.546" /><testcase classname="tests.test_crops_skus" name="test__crops_skus__crops__get" time="3.446" /><testcase classname="tests.test_crops_skus" name="test__crops_skus__crop__crop_name__options" time="1.076" /><testcase classname="tests.test_crops_skus" name="test__crops_skus__sku__options" time="0.186" /><testcase classname="tests.test_core" name="test__core__users__username_head" time="1.422" /><testcase classname="tests.test_core" name="test__core__current_user_get" time="1.597" /><testcase classname="tests.test_core" name="test__core__users_options" time="0.194" /><testcase classname="tests.test_core" name="test__core__users__username_get" time="1.788" /><testcase classname="tests.test_crops_skus" name="test__crops_skus__crop__options" time="0.195" /><testcase classname="tests.test_core" name="test__core__users_head" time="1.846" /><testcase classname="tests.test_crops_skus" name="test__crops_skus__skus__options" time="0.285" /><testcase classname="tests.test_crops_skus" name="test__crops_skus__crop__crop_name__put" time="2.784" /><testcase classname="tests.test_crops_skus" name="test__crops_skus__crops__options" time="0.220" /><testcase classname="tests.test_crops_skus" name="test__crops_skus__sku__post" time="3.117" /><testcase classname="tests.test_lab_testing" name="test__lab_testing__products__farm_def_path__head" time="1.500" /><testcase classname="tests.test_perception" name="test__perception__add_label_set__options" time="0.001"><skipped type="pytest.skip" message="Pending proper test environment support">/home/mnaumann/PycharmProjects/PlentyAg/bff_test_automation/tests/test_perception.py:30: Pending proper test environment support</skipped></testcase><testcase classname="tests.test_perception" name="test__perception__add_label_set__post" time="0.001"><skipped type="pytest.skip" message="Pending proper test environment support">/home/mnaumann/PycharmProjects/PlentyAg/bff_test_automation/tests/test_perception.py:38: Pending proper test environment support</skipped></testcase><testcase classname="tests.test_perception" name="test__perception__add_tag__options" time="0.001"><skipped type="pytest.skip" message="Pending proper test environment support">/home/mnaumann/PycharmProjects/PlentyAg/bff_test_automation/tests/test_perception.py:70: Pending proper test environment support</skipped></testcase><testcase classname="tests.test_perception" name="test__perception__add_tag__post" time="0.000"><skipped type="pytest.skip" message="Pending proper test environment support">/home/mnaumann/PycharmProjects/PlentyAg/bff_test_automation/tests/test_perception.py:78: Pending proper test environment support</skipped></testcase><testcase classname="tests.test_perception" name="test__perception__search__options" time="0.001"><skipped type="pytest.skip" message="Pending proper test environment support">/home/mnaumann/PycharmProjects/PlentyAg/bff_test_automation/tests/test_perception.py:125: Pending proper test environment support</skipped></testcase><testcase classname="tests.test_crops_skus" name="test__crops_skus__skus__head" time="1.690" /><testcase classname="tests.test_crops_skus" name="test__crops_skus__crops__head" time="2.068" /><testcase classname="tests.test_perception" name="test__perception__search__head" time="0.000"><skipped type="pytest.skip" message="Pending proper test environment support">/home/mnaumann/PycharmProjects/PlentyAg/bff_test_automation/tests/test_perception.py:133: Pending proper test environment support</skipped></testcase><testcase classname="tests.test_crops_skus" name="test__crops_skus__sku__sku_name__options" time="1.959" /><testcase classname="tests.test_perception" name="test__perception__search__get" time="0.000"><skipped type="pytest.skip" message="Pending proper test environment support">/home/mnaumann/PycharmProjects/PlentyAg/bff_test_automation/tests/test_perception.py:141: Pending proper test environment support</skipped></testcase><testcase classname="tests.test_perception" name="test__perception__update_label_set__options" time="0.006"><skipped type="pytest.skip" message="Pending proper test environment support">/home/mnaumann/PycharmProjects/PlentyAg/bff_test_automation/tests/test_perception.py:175: Pending proper test environment support</skipped></testcase><testcase classname="tests.test_perception" name="test__perception__update_label_set__put" time="0.001"><skipped type="pytest.skip" message="Pending proper test environment support">/home/mnaumann/PycharmProjects/PlentyAg/bff_test_automation/tests/test_perception.py:183: Pending proper test environment support</skipped></testcase><testcase classname="tests.test_product_quality" name="test__product_quality__bulk__postharvest__options" time="0.259" /><testcase classname="tests.test_product_quality" name="test__product_quality__bulk__postharvest__post" time="3.581" /><testcase classname="tests.test_product_quality" name="test__product_quality__postharvest__options" time="0.236" /><testcase classname="tests.test_crops_skus" name="test__crops_skus__skus__get" time="3.977" /><testcase classname="tests.test_crops_skus" name="test__crops_skus__sku__sku_name__put" time="3.331" /><testcase classname="tests.test_devices" name="test__devices__options" time="0.203" /><testcase classname="tests.test_product_quality" name="test__product_quality__postharvest__head" time="1.274" /><testcase classname="tests.test_product_quality" name="test__product_quality__postharvest__postharvest_qa_id__put" time="3.752" /><testcase classname="tests.test_product_quality" name="test__product_quality__sensory__events__options" time="0.201" /><testcase classname="tests.test_devices" name="test__devices__head" time="1.469" /><testcase classname="tests.test_product_quality" name="test__product_quality__postharvest__post" time="1.957" /><testcase classname="tests.test_product_quality" name="test__product_quality__postharvest__postharvest_qa_id__options" time="0.199" /><testcase classname="tests.test_product_quality" name="test__product_quality__sensory__events__head" time="1.267" /><testcase classname="tests.test_product_quality" name="test__product_quality__sensory__ratings__options" time="0.213" /><testcase classname="tests.test_product_quality" name="test__product_quality__postharvest__get" time="3.723" /><testcase classname="tests.test_devices" name="test_devices__get" time="2.717" /><testcase classname="tests.test_product_quality" name="test__product_quality__sensory__ratings__head" time="1.796" /><testcase classname="tests.test_lab_testing" name="test__lab_testing__products__farm_def_path__options" time="0.214" /><testcase classname="tests.test_production_actions" name="test__production__actions__action_path__options" time="0.201" /><testcase classname="tests.test_product_quality" name="test__product_quality__postharvest__postharvest_qa_id__head" time="3.587" /><testcase classname="tests.test_production_actions" name="test__production__actions__action_path__head" time="1.384" /><testcase classname="tests.test_product_quality" name="test__product_quality__sensory__events__get" time="2.620" /><testcase classname="tests.test_product_quality" name="test__product_quality__sensory__events__event_id__ratings__options" time="0.226" /><testcase classname="tests.test_product_quality" name="test__product_quality__sensory__ratings__get" time="3.903" /><testcase classname="tests.test_production_actions" name="test__production__actions__get_actions_for_site_farm__head" time="2.455" /><testcase classname="tests.test_product_quality" name="test__product_quality__postharvest__postharvest_qa_id__get" time="3.440" /><testcase classname="tests.test_product_quality" name="test__product_quality__sensory__events__event_id__ratings__post" time="2.284" /><testcase classname="tests.test_production_maps" name="test__production__maps__state__options" time="0.216" /><testcase classname="tests.test_production_resources" name="test__production__resources__get_operation_history__options" time="0.196" /><testcase classname="tests.test_production_resources" name="test__production__resources__labels__options" time="0.199" /><testcase classname="tests.test_production_actions" name="test_production__actions__action_path__get" time="1.596" /><testcase classname="tests.test_production_actions" name="test__production__actions__get_actions_for_site_farm__options" time="0.211" /><testcase classname="tests.test_production_workcenters" name="test__production__workcenters__options" time="0.214" /><testcase classname="tests.test_production_resources" name="test__production__resources__labels__head" time="1.311" /><testcase classname="tests.test_production_actions" name="test__production__actions__get_actions_for_site_farm__get" time="2.883" /><testcase classname="tests.test_production_workcenters" name="test__production__workcenters__head" time="1.529" /><testcase classname="tests.test_production_resources" name="test__production__resources__labels__get" time="1.607" /><testcase classname="tests.test_production_workcenters" name="test__production__workcenters__get_workcenter_by_name__options" time="0.225" /><testcase classname="tests.test_production_workcenters" name="test__production__workcenters__create_task__options" time="0.194" /><testcase classname="tests.test_production_maps" name="test__production__maps__state__head" time="7.766" /><testcase classname="tests.test_production_workcenters" name="test__production__workcenters__get" time="5.284" /><testcase classname="tests.test_production_maps" name="test__production__maps__state__get" time="6.593" /><testcase classname="tests.test_production_workcenters" name="test__production__workcenters__create_task__post" time="4.903" /><testcase classname="tests.test_production_workspaces" name="test__production__workspaces__options" time="0.201" /><testcase classname="tests.test_production_resources" name="test__production__resources__get_operation_history__post" time="1.382" /><testcase classname="tests.test_production_workcenters" name="test__production__workcenters__get_workcenter_by_name__head" time="1.807" /><testcase classname="tests.test_production_workspaces" name="test__production__workspaces__head" time="1.379" /><testcase classname="tests.test_production_workspaces" name="test__production__workspaces__create_workbin_instance__options" time="0.196" /><testcase classname="tests.test_production_workcenters" name="test__production__workcenters__get_workcenter_by_name__get" time="3.336" /><testcase classname="tests.test_production_workspaces" name="test__production__workspaces__create_workbin_instance__post" time="4.662" /><testcase classname="tests.test_production_workspaces" name="test__production__workspaces__update_workbin_instance__options" time="0.190" /><testcase classname="tests.test_production_workspaces" name="test__production__workspaces__get" time="2.824" /><testcase classname="tests.test_production_workspaces" name="test__production__workspaces__update_workbin_instance__put" time="5.364" /></testsuite></testsuites>